# JRE version: OpenJDK Runtime Environment Microsoft-11369940 (21.0.7+6) (build 21.0.7+6-LTS)
# Java VM: OpenJDK 64-Bit Server VM Microsoft-11369940 (21.0.7+6-LTS, mixed mode, sharing, tiered, compressed oops, compressed class ptrs, g1 gc, windows-amd64)
GC Precious Log:
 CardTable entry size: 512
 Card Set container configuration: InlinePtr #cards 5 size 8 Array Of Cards #cards 12 size 40 Howl #buckets 4 coarsen threshold 1843 Howl Bitmap #cards 512 size 80 coarsen threshold 460 Card regions per heap region 1 cards per card region 2048
 CPUs: 8 total, 8 available
 Memory: 7947M
 Large Page Support: Disabled
 NUMA Support: Disabled
 Compressed Oops: Enabled (32-bit)
 Heap Region Size: 1M
 Heap Min Capacity: 256M
 Heap Initial Capacity: 256M
 Heap Max Capacity: 512M
 Pre-touch: Disabled
 Parallel Workers: 8
 Concurrent Workers: 2
 Concurrent Refinement Workers: 8
 Periodic GC: Disabled
Heap:
 garbage-first heap   total 262144K, used 165482K [0x00000000e0000000, 0x0000000100000000)
  region size 1024K, 76 young (77824K), 15 survivors (15360K)
 Metaspace       used 73919K, committed 76160K, reserved 393216K
  class space    used 10589K, committed 11712K, reserved 327680K
GC Heap History (20 events):
Event: 25.151 GC heap before
{Heap before GC invocations=1 (full 0):
 garbage-first heap   total 262144K, used 40959K [0x00000000e0000000, 0x0000000100000000)
  region size 1024K, 37 young (37888K), 2 survivors (2048K)
 Metaspace       used 4446K, committed 4672K, reserved 393216K
  class space    used 542K, committed 640K, reserved 327680K
}
Event: 25.158 GC heap after
{Heap after GC invocations=2 (full 0):
 garbage-first heap   total 262144K, used 10680K [0x00000000e0000000, 0x0000000100000000)
  region size 1024K, 5 young (5120K), 5 survivors (5120K)
 Metaspace       used 4446K, committed 4672K, reserved 393216K
  class space    used 542K, committed 640K, reserved 327680K
}
Event: 41.813 GC heap before
{Heap before GC invocations=2 (full 0):
 garbage-first heap   total 262144K, used 60856K [0x00000000e0000000, 0x0000000100000000)
  region size 1024K, 52 young (53248K), 5 survivors (5120K)
 Metaspace       used 5158K, committed 5376K, reserved 393216K
  class space    used 662K, committed 768K, reserved 327680K
}
Event: 41.823 GC heap after
{Heap after GC invocations=3 (full 0):
 garbage-first heap   total 262144K, used 17044K [0x00000000e0000000, 0x0000000100000000)
  region size 1024K, 5 young (5120K), 5 survivors (5120K)
 Metaspace       used 5158K, committed 5376K, reserved 393216K
  class space    used 662K, committed 768K, reserved 327680K
}
Event: 45.675 GC heap before
{Heap before GC invocations=3 (full 0):
 garbage-first heap   total 262144K, used 106132K [0x00000000e0000000, 0x0000000100000000)
  region size 1024K, 93 young (95232K), 5 survivors (5120K)
 Metaspace       used 20810K, committed 21504K, reserved 393216K
  class space    used 2974K, committed 3328K, reserved 327680K
}
Event: 45.700 GC heap after
{Heap after GC invocations=4 (full 0):
 garbage-first heap   total 262144K, used 24178K [0x00000000e0000000, 0x0000000100000000)
  region size 1024K, 12 young (12288K), 12 survivors (12288K)
 Metaspace       used 20810K, committed 21504K, reserved 393216K
  class space    used 2974K, committed 3328K, reserved 327680K
}
Event: 50.073 GC heap before
{Heap before GC invocations=5 (full 0):
 garbage-first heap   total 262144K, used 163442K [0x00000000e0000000, 0x0000000100000000)
  region size 1024K, 126 young (129024K), 12 survivors (12288K)
 Metaspace       used 34935K, committed 35968K, reserved 393216K
  class space    used 4918K, committed 5440K, reserved 327680K
}
Event: 50.089 GC heap after
{Heap after GC invocations=6 (full 0):
 garbage-first heap   total 262144K, used 61079K [0x00000000e0000000, 0x0000000100000000)
  region size 1024K, 20 young (20480K), 20 survivors (20480K)
 Metaspace       used 34935K, committed 35968K, reserved 393216K
  class space    used 4918K, committed 5440K, reserved 327680K
}
Event: 50.161 GC heap before
{Heap before GC invocations=6 (full 0):
 garbage-first heap   total 262144K, used 66199K [0x00000000e0000000, 0x0000000100000000)
  region size 1024K, 26 young (26624K), 20 survivors (20480K)
 Metaspace       used 35216K, committed 36288K, reserved 393216K
  class space    used 4949K, committed 5440K, reserved 327680K
}
Event: 50.174 GC heap after
{Heap after GC invocations=7 (full 0):
 garbage-first heap   total 262144K, used 61509K [0x00000000e0000000, 0x0000000100000000)
  region size 1024K, 3 young (3072K), 3 survivors (3072K)
 Metaspace       used 35216K, committed 36288K, reserved 393216K
  class space    used 4949K, committed 5440K, reserved 327680K
}
Event: 50.230 GC heap before
{Heap before GC invocations=7 (full 0):
 garbage-first heap   total 262144K, used 64581K [0x00000000e0000000, 0x0000000100000000)
  region size 1024K, 7 young (7168K), 3 survivors (3072K)
 Metaspace       used 35489K, committed 36608K, reserved 393216K
  class space    used 5002K, committed 5504K, reserved 327680K
}
Event: 50.232 GC heap after
{Heap after GC invocations=8 (full 0):
 garbage-first heap   total 262144K, used 60011K [0x00000000e0000000, 0x0000000100000000)
  region size 1024K, 1 young (1024K), 1 survivors (1024K)
 Metaspace       used 35489K, committed 36608K, reserved 393216K
  class space    used 5002K, committed 5504K, reserved 327680K
}
Event: 54.218 GC heap before
{Heap before GC invocations=9 (full 0):
 garbage-first heap   total 262144K, used 219755K [0x00000000e0000000, 0x0000000100000000)
  region size 1024K, 153 young (156672K), 1 survivors (1024K)
 Metaspace       used 48787K, committed 50496K, reserved 393216K
  class space    used 7030K, committed 7872K, reserved 327680K
}
Event: 54.232 GC heap after
{Heap after GC invocations=10 (full 0):
 garbage-first heap   total 262144K, used 68647K [0x00000000e0000000, 0x0000000100000000)
  region size 1024K, 10 young (10240K), 10 survivors (10240K)
 Metaspace       used 48787K, committed 50496K, reserved 393216K
  class space    used 7030K, committed 7872K, reserved 327680K
}
Event: 57.906 GC heap before
{Heap before GC invocations=10 (full 0):
 garbage-first heap   total 262144K, used 222247K [0x00000000e0000000, 0x0000000100000000)
  region size 1024K, 153 young (156672K), 10 survivors (10240K)
 Metaspace       used 52221K, committed 53824K, reserved 393216K
  class space    used 7400K, committed 8192K, reserved 327680K
}
Event: 57.919 GC heap after
{Heap after GC invocations=11 (full 0):
 garbage-first heap   total 262144K, used 82554K [0x00000000e0000000, 0x0000000100000000)
  region size 1024K, 15 young (15360K), 15 survivors (15360K)
 Metaspace       used 52221K, committed 53824K, reserved 393216K
  class space    used 7400K, committed 8192K, reserved 327680K
}
Event: 59.889 GC heap before
{Heap before GC invocations=11 (full 0):
 garbage-first heap   total 262144K, used 204410K [0x00000000e0000000, 0x0000000100000000)
  region size 1024K, 127 young (130048K), 15 survivors (15360K)
 Metaspace       used 59378K, committed 61248K, reserved 393216K
  class space    used 8351K, committed 9280K, reserved 327680K
}
Event: 59.902 GC heap after
{Heap after GC invocations=12 (full 0):
 garbage-first heap   total 262144K, used 94398K [0x00000000e0000000, 0x0000000100000000)
  region size 1024K, 11 young (11264K), 11 survivors (11264K)
 Metaspace       used 59378K, committed 61248K, reserved 393216K
  class space    used 8351K, committed 9280K, reserved 327680K
}
Event: 65.116 GC heap before
{Heap before GC invocations=13 (full 0):
 garbage-first heap   total 262144K, used 236734K [0x00000000e0000000, 0x0000000100000000)
  region size 1024K, 149 young (152576K), 11 survivors (11264K)
 Metaspace       used 69237K, committed 71360K, reserved 393216K
  class space    used 9900K, committed 10944K, reserved 327680K
}
Event: 65.149 GC heap after
{Heap after GC invocations=14 (full 0):
 garbage-first heap   total 262144K, used 105066K [0x00000000e0000000, 0x0000000100000000)
  region size 1024K, 15 young (15360K), 15 survivors (15360K)
 Metaspace       used 69237K, committed 71360K, reserved 393216K
  class space    used 9900K, committed 10944K, reserved 327680K
}

